2018-02-27 18:10 +08:00: [HPM] Proxy created: /api  ->  https://news-at.zhihu.com
2018-02-27 18:10 +08:00: [HPM] Proxy rewrite rule created: "^/api" ~> "/api"
2018-02-27 18:10 +08:00: server started at http://localhost:3000
2018-02-27 18:13 +08:00: [HPM] Proxy created: /api  ->  https://news-at.zhihu.com
2018-02-27 18:13 +08:00: [HPM] Proxy rewrite rule created: "^/api" ~> "/api"
2018-02-27 18:13 +08:00: server started at http://localhost:3000
2018-02-27 18:16 +08:00: [HPM] Proxy created: /api  ->  https://news-at.zhihu.com
2018-02-27 18:16 +08:00: [HPM] Proxy rewrite rule created: "^/api" ~> "/api"
2018-02-27 18:16 +08:00: server started at http://localhost:3000
2018-02-27 18:16 +08:00: [HPM] Proxy created: /api  ->  https://news-at.zhihu.com
2018-02-27 18:16 +08:00: [HPM] Proxy rewrite rule created: "^/api" ~> "/api"
2018-02-27 18:16 +08:00: server started at http://localhost:3000
2018-02-27 18:18 +08:00: [HPM] Proxy created: /api  ->  https://news-at.zhihu.com
2018-02-27 18:18 +08:00: [HPM] Proxy rewrite rule created: "^/api" ~> "/api"
2018-02-27 18:18 +08:00: server started at http://localhost:3000
2018-02-27 18:18 +08:00: -----------------------------
2018-02-27 18:18 +08:00: global  { UM_distinctid: '16126023e01e0-0ee7edf05da4dd-5b44271d-144000-16126023e08bb',
  CNZZDATA1271155277: '686131563-1517478471-http%3A%2F%2Flocalhost%3A8090%2F|1519350845',
  Hm_lvt_2e89947294f393d804bbd2d085b2f8e2: '1517478473,1517646158',
  CNZZDATA1268100633: '2033263893-1516761110-|1519624293',
  aliyungf_tc: 'AQAAAJrfrXAvKwYAjQOttDWIn+s6ojtj' }
2018-02-27 18:18 +08:00: -----------------------------
2018-02-27 18:18 +08:00: whole request: 64ms
2018-02-27 18:18 +08:00: -----------------------------
2018-02-27 18:18 +08:00: global  { UM_distinctid: '16126023e01e0-0ee7edf05da4dd-5b44271d-144000-16126023e08bb',
  CNZZDATA1271155277: '686131563-1517478471-http%3A%2F%2Flocalhost%3A8090%2F|1519350845',
  Hm_lvt_2e89947294f393d804bbd2d085b2f8e2: '1517478473,1517646158',
  CNZZDATA1268100633: '2033263893-1516761110-|1519624293',
  aliyungf_tc: 'AQAAAJrfrXAvKwYAjQOttDWIn+s6ojtj' }
2018-02-27 18:18 +08:00: -----------------------------
2018-02-27 18:18 +08:00: whole request: 9ms
2018-02-27 18:18 +08:00: [HPM] Proxy created: /api  ->  https://news-at.zhihu.com
2018-02-27 18:18 +08:00: [HPM] Proxy rewrite rule created: "^/api" ~> "/api"
2018-02-27 18:18 +08:00: server started at http://localhost:3000
2018-02-27 18:18 +08:00: -----------------------------
2018-02-27 18:18 +08:00: global  { UM_distinctid: '16126023e01e0-0ee7edf05da4dd-5b44271d-144000-16126023e08bb',
  CNZZDATA1271155277: '686131563-1517478471-http%3A%2F%2Flocalhost%3A8090%2F|1519350845',
  Hm_lvt_2e89947294f393d804bbd2d085b2f8e2: '1517478473,1517646158',
  CNZZDATA1268100633: '2033263893-1516761110-|1519624293',
  aliyungf_tc: 'AQAAAJrfrXAvKwYAjQOttDWIn+s6ojtj' }
2018-02-27 18:18 +08:00: -----------------------------
2018-02-27 18:18 +08:00: whole request: 92ms
2018-02-27 18:18 +08:00: -----------------------------
2018-02-27 18:18 +08:00: global  { UM_distinctid: '16126023e01e0-0ee7edf05da4dd-5b44271d-144000-16126023e08bb',
  CNZZDATA1271155277: '686131563-1517478471-http%3A%2F%2Flocalhost%3A8090%2F|1519350845',
  Hm_lvt_2e89947294f393d804bbd2d085b2f8e2: '1517478473,1517646158',
  CNZZDATA1268100633: '2033263893-1516761110-|1519624293',
  aliyungf_tc: 'AQAAAJrfrXAvKwYAjQOttDWIn+s6ojtj' }
2018-02-27 18:18 +08:00: -----------------------------
2018-02-27 18:18 +08:00: whole request: 9ms
2018-02-27 18:18 +08:00: -----------------------------
2018-02-27 18:18 +08:00: global  { UM_distinctid: '16126023e01e0-0ee7edf05da4dd-5b44271d-144000-16126023e08bb',
  CNZZDATA1271155277: '686131563-1517478471-http%3A%2F%2Flocalhost%3A8090%2F|1519350845',
  Hm_lvt_2e89947294f393d804bbd2d085b2f8e2: '1517478473,1517646158',
  CNZZDATA1268100633: '2033263893-1516761110-|1519624293',
  aliyungf_tc: 'AQAAAJrfrXAvKwYAjQOttDWIn+s6ojtj' }
2018-02-27 18:18 +08:00: -----------------------------
2018-02-27 18:18 +08:00: whole request: 7ms
2018-02-27 18:18 +08:00: [HPM] Proxy created: /api  ->  https://news-at.zhihu.com
2018-02-27 18:18 +08:00: [HPM] Proxy rewrite rule created: "^/api" ~> "/api"
2018-02-27 18:18 +08:00: server started at http://localhost:3000
2018-02-27 18:19 +08:00: -----------------------------
2018-02-27 18:19 +08:00: global  { UM_distinctid: '16126023e01e0-0ee7edf05da4dd-5b44271d-144000-16126023e08bb',
  CNZZDATA1271155277: '686131563-1517478471-http%3A%2F%2Flocalhost%3A8090%2F|1519350845',
  Hm_lvt_2e89947294f393d804bbd2d085b2f8e2: '1517478473,1517646158',
  CNZZDATA1268100633: '2033263893-1516761110-|1519624293',
  aliyungf_tc: 'AQAAAJrfrXAvKwYAjQOttDWIn+s6ojtj' }
2018-02-27 18:19 +08:00: -----------------------------
2018-02-27 18:19 +08:00: whole request: 103ms
2018-02-27 18:19 +08:00: [HPM] Proxy created: /api  ->  https://news-at.zhihu.com
2018-02-27 18:19 +08:00: [HPM] Proxy rewrite rule created: "^/api" ~> "/api"
2018-02-27 18:19 +08:00: server started at http://localhost:3000
2018-02-27 18:19 +08:00: [HPM] Proxy created: /api  ->  https://news-at.zhihu.com
2018-02-27 18:19 +08:00: [HPM] Proxy rewrite rule created: "^/api" ~> "/api"
2018-02-27 18:19 +08:00: server started at http://localhost:3000
2018-02-27 18:20 +08:00: [HPM] Proxy created: /api  ->  https://news-at.zhihu.com
2018-02-27 18:20 +08:00: [HPM] Proxy rewrite rule created: "^/api" ~> "/api"
2018-02-27 18:20 +08:00: server started at http://localhost:3000
2018-02-27 18:20 +08:00: [HPM] Proxy created: /api  ->  https://news-at.zhihu.com
2018-02-27 18:20 +08:00: [HPM] Proxy rewrite rule created: "^/api" ~> "/api"
2018-02-27 18:20 +08:00: server started at http://localhost:3000
2018-02-27 18:21 +08:00: [HPM] Proxy created: /api  ->  https://news-at.zhihu.com
2018-02-27 18:21 +08:00: [HPM] Proxy rewrite rule created: "^/api" ~> "/api"
2018-02-27 18:21 +08:00: server started at http://localhost:3000
2018-02-27 18:21 +08:00: [HPM] Proxy created: /api  ->  https://news-at.zhihu.com
2018-02-27 18:21 +08:00: [HPM] Proxy rewrite rule created: "^/api" ~> "/api"
2018-02-27 18:21 +08:00: server started at http://localhost:3000
2018-02-27 18:22 +08:00: [HPM] Proxy created: /api  ->  https://news-at.zhihu.com
2018-02-27 18:22 +08:00: [HPM] Proxy rewrite rule created: "^/api" ~> "/api"
2018-02-27 18:22 +08:00: server started at http://localhost:3000
2018-02-27 18:22 +08:00: [HPM] Proxy created: /api  ->  https://news-at.zhihu.com
2018-02-27 18:22 +08:00: [HPM] Proxy rewrite rule created: "^/api" ~> "/api"
2018-02-27 18:22 +08:00: server started at http://localhost:3000
2018-02-27 18:23 +08:00: -----------------------------
2018-02-27 18:23 +08:00: global  { UM_distinctid: '16126023e01e0-0ee7edf05da4dd-5b44271d-144000-16126023e08bb',
  CNZZDATA1271155277: '686131563-1517478471-http%3A%2F%2Flocalhost%3A8090%2F|1519350845',
  Hm_lvt_2e89947294f393d804bbd2d085b2f8e2: '1517478473,1517646158',
  CNZZDATA1268100633: '2033263893-1516761110-|1519624293',
  aliyungf_tc: 'AQAAAJrfrXAvKwYAjQOttDWIn+s6ojtj' }
2018-02-27 18:23 +08:00: -----------------------------
2018-02-27 18:23 +08:00: whole request: 87ms
2018-02-27 18:23 +08:00: [HPM] Proxy created: /api  ->  https://news-at.zhihu.com
2018-02-27 18:23 +08:00: [HPM] Proxy rewrite rule created: "^/api" ~> "/api"
2018-02-27 18:23 +08:00: server started at http://localhost:3000
2018-02-27 18:23 +08:00: [HPM] Proxy created: /api  ->  https://news-at.zhihu.com
2018-02-27 18:23 +08:00: [HPM] Proxy rewrite rule created: "^/api" ~> "/api"
2018-02-27 18:23 +08:00: server started at http://localhost:3000
2018-02-27 18:24 +08:00: [HPM] Proxy created: /api  ->  https://news-at.zhihu.com
2018-02-27 18:24 +08:00: [HPM] Proxy rewrite rule created: "^/api" ~> "/api"
2018-02-27 18:24 +08:00: server started at http://localhost:3000
2018-02-27 18:24 +08:00: -----------------------------
2018-02-27 18:24 +08:00: global  { UM_distinctid: '16126023e01e0-0ee7edf05da4dd-5b44271d-144000-16126023e08bb',
  CNZZDATA1271155277: '686131563-1517478471-http%3A%2F%2Flocalhost%3A8090%2F|1519350845',
  Hm_lvt_2e89947294f393d804bbd2d085b2f8e2: '1517478473,1517646158',
  CNZZDATA1268100633: '2033263893-1516761110-|1519624293',
  aliyungf_tc: 'AQAAAJrfrXAvKwYAjQOttDWIn+s6ojtj' }
2018-02-27 18:24 +08:00: -----------------------------
2018-02-27 18:24 +08:00: whole request: 88ms
2018-02-27 18:24 +08:00: [HPM] Proxy created: /api  ->  https://news-at.zhihu.com
2018-02-27 18:24 +08:00: [HPM] Proxy rewrite rule created: "^/api" ~> "/api"
2018-02-27 18:24 +08:00: server started at http://localhost:3000
2018-02-27 18:25 +08:00: [HPM] Proxy created: /api  ->  https://news-at.zhihu.com
2018-02-27 18:25 +08:00: [HPM] Proxy rewrite rule created: "^/api" ~> "/api"
2018-02-27 18:25 +08:00: server started at http://localhost:3000
2018-02-27 18:25 +08:00: [HPM] Proxy created: /api  ->  https://news-at.zhihu.com
2018-02-27 18:25 +08:00: [HPM] Proxy rewrite rule created: "^/api" ~> "/api"
2018-02-27 18:25 +08:00: server started at http://localhost:3000
2018-02-27 18:26 +08:00: [HPM] Proxy created: /api  ->  https://news-at.zhihu.com
2018-02-27 18:26 +08:00: [HPM] Proxy rewrite rule created: "^/api" ~> "/api"
2018-02-27 18:26 +08:00: server started at http://localhost:3000
2018-02-27 18:28 +08:00: [HPM] Proxy created: /api  ->  https://news-at.zhihu.com
2018-02-27 18:28 +08:00: [HPM] Proxy rewrite rule created: "^/api" ~> "/api"
2018-02-27 18:28 +08:00: server started at http://localhost:3000
2018-02-27 18:28 +08:00: [HPM] Proxy created: /api  ->  https://news-at.zhihu.com
2018-02-27 18:28 +08:00: [HPM] Proxy rewrite rule created: "^/api" ~> "/api"
2018-02-27 18:28 +08:00: server started at http://localhost:3000
2018-02-27 18:28 +08:00: [HPM] Proxy created: /api  ->  https://news-at.zhihu.com
2018-02-27 18:28 +08:00: [HPM] Proxy rewrite rule created: "^/api" ~> "/api"
2018-02-27 18:28 +08:00: server started at http://localhost:3000
2018-02-27 18:29 +08:00: [HPM] Proxy created: /api  ->  https://news-at.zhihu.com
2018-02-27 18:29 +08:00: [HPM] Proxy rewrite rule created: "^/api" ~> "/api"
2018-02-27 18:29 +08:00: server started at http://localhost:3000
2018-02-27 18:29 +08:00: [HPM] Proxy created: /api  ->  https://news-at.zhihu.com
2018-02-27 18:29 +08:00: [HPM] Proxy rewrite rule created: "^/api" ~> "/api"
2018-02-27 18:29 +08:00: server started at http://localhost:3000
2018-02-27 18:30 +08:00: [HPM] Proxy created: /api  ->  https://news-at.zhihu.com
2018-02-27 18:30 +08:00: [HPM] Proxy rewrite rule created: "^/api" ~> "/api"
2018-02-27 18:30 +08:00: server started at http://localhost:3000
2018-02-27 18:30 +08:00: [HPM] Proxy created: /api  ->  https://news-at.zhihu.com
2018-02-27 18:30 +08:00: [HPM] Proxy rewrite rule created: "^/api" ~> "/api"
2018-02-27 18:30 +08:00: server started at http://localhost:3000
2018-02-27 19:11 +08:00: [HPM] Proxy created: /api  ->  https://news-at.zhihu.com
2018-02-27 19:11 +08:00: [HPM] Proxy rewrite rule created: "^/api" ~> "/api"
2018-02-27 19:11 +08:00: server started at http://localhost:3000
2018-02-27 19:11 +08:00: -----------------------------
2018-02-27 19:11 +08:00: global  { UM_distinctid: '16126023e01e0-0ee7edf05da4dd-5b44271d-144000-16126023e08bb',
  CNZZDATA1271155277: '686131563-1517478471-http%3A%2F%2Flocalhost%3A8090%2F|1519350845',
  Hm_lvt_2e89947294f393d804bbd2d085b2f8e2: '1517478473,1517646158',
  CNZZDATA1268100633: '2033263893-1516761110-|1519624293',
  aliyungf_tc: 'AQAAAJrfrXAvKwYAjQOttDWIn+s6ojtj' }
2018-02-27 19:11 +08:00: -----------------------------
2018-02-27 19:11 +08:00: whole request: 119ms
2018-02-27 19:11 +08:00: [HPM] Proxy created: /api  ->  https://news-at.zhihu.com
2018-02-27 19:11 +08:00: [HPM] Proxy rewrite rule created: "^/api" ~> "/api"
2018-02-27 19:11 +08:00: server started at http://localhost:3000
2018-02-27 19:11 +08:00: [HPM] Proxy created: /api  ->  https://news-at.zhihu.com
2018-02-27 19:11 +08:00: [HPM] Proxy rewrite rule created: "^/api" ~> "/api"
2018-02-27 19:11 +08:00: server started at http://localhost:3000
2018-02-27 19:12 +08:00: [HPM] Proxy created: /api  ->  https://news-at.zhihu.com
2018-02-27 19:12 +08:00: [HPM] Proxy rewrite rule created: "^/api" ~> "/api"
2018-02-27 19:12 +08:00: server started at http://localhost:3000
2018-02-27 19:12 +08:00: [HPM] Proxy created: /api  ->  https://news-at.zhihu.com
2018-02-27 19:12 +08:00: [HPM] Proxy rewrite rule created: "^/api" ~> "/api"
2018-02-27 19:12 +08:00: server started at http://localhost:3000
2018-02-27 19:13 +08:00: [HPM] Proxy created: /api  ->  https://news-at.zhihu.com
2018-02-27 19:13 +08:00: [HPM] Proxy rewrite rule created: "^/api" ~> "/api"
2018-02-27 19:13 +08:00: server started at http://localhost:3000
2018-02-27 19:13 +08:00: [HPM] Proxy created: /api  ->  https://news-at.zhihu.com
2018-02-27 19:13 +08:00: [HPM] Proxy rewrite rule created: "^/api" ~> "/api"
2018-02-27 19:13 +08:00: server started at http://localhost:3000
2018-02-27 19:14 +08:00: -----------------------------
2018-02-27 19:14 +08:00: global  { UM_distinctid: '16126023e01e0-0ee7edf05da4dd-5b44271d-144000-16126023e08bb',
  CNZZDATA1271155277: '686131563-1517478471-http%3A%2F%2Flocalhost%3A8090%2F|1519350845',
  Hm_lvt_2e89947294f393d804bbd2d085b2f8e2: '1517478473,1517646158',
  CNZZDATA1268100633: '2033263893-1516761110-|1519624293',
  aliyungf_tc: 'AQAAAJrfrXAvKwYAjQOttDWIn+s6ojtj' }
2018-02-27 19:14 +08:00: -----------------------------
2018-02-27 19:14 +08:00: whole request: 357ms
2018-02-27 19:14 +08:00: -----------------------------
2018-02-27 19:14 +08:00: global  { UM_distinctid: '16126023e01e0-0ee7edf05da4dd-5b44271d-144000-16126023e08bb',
  CNZZDATA1271155277: '686131563-1517478471-http%3A%2F%2Flocalhost%3A8090%2F|1519350845',
  Hm_lvt_2e89947294f393d804bbd2d085b2f8e2: '1517478473,1517646158',
  CNZZDATA1268100633: '2033263893-1516761110-|1519624293',
  aliyungf_tc: 'AQAAAJrfrXAvKwYAjQOttDWIn+s6ojtj' }
2018-02-27 19:14 +08:00: -----------------------------
2018-02-27 19:14 +08:00: whole request: 174ms
2018-02-27 19:14 +08:00: [HPM] Proxy created: /api  ->  https://news-at.zhihu.com
2018-02-27 19:14 +08:00: [HPM] Proxy rewrite rule created: "^/api" ~> "/api"
2018-02-27 19:14 +08:00: server started at http://localhost:3000
2018-02-27 19:14 +08:00: [HPM] Proxy created: /api  ->  https://news-at.zhihu.com
2018-02-27 19:14 +08:00: [HPM] Proxy rewrite rule created: "^/api" ~> "/api"
2018-02-27 19:14 +08:00: server started at http://localhost:3000
2018-02-27 19:43 +08:00: [HPM] Proxy created: /api  ->  https://news-at.zhihu.com
2018-02-27 19:43 +08:00: [HPM] Proxy rewrite rule created: "^/api" ~> "/api"
2018-02-27 19:43 +08:00: server started at http://localhost:3000
2018-02-27 19:44 +08:00: -----------------------------
2018-02-27 19:44 +08:00: global  { UM_distinctid: '16126023e01e0-0ee7edf05da4dd-5b44271d-144000-16126023e08bb',
  CNZZDATA1271155277: '686131563-1517478471-http%3A%2F%2Flocalhost%3A8090%2F|1519350845',
  Hm_lvt_2e89947294f393d804bbd2d085b2f8e2: '1517478473,1517646158',
  CNZZDATA1268100633: '2033263893-1516761110-|1519624293',
  aliyungf_tc: 'AQAAAJrfrXAvKwYAjQOttDWIn+s6ojtj' }
2018-02-27 19:44 +08:00: -----------------------------
2018-02-27 19:44 +08:00: [HPM] Proxy created: /api  ->  https://news-at.zhihu.com
2018-02-27 19:44 +08:00: [HPM] Proxy rewrite rule created: "^/api" ~> "/api"
2018-02-27 19:44 +08:00: server started at http://localhost:3000
2018-02-27 19:44 +08:00: -----------------------------
2018-02-27 19:44 +08:00: global  { UM_distinctid: '16126023e01e0-0ee7edf05da4dd-5b44271d-144000-16126023e08bb',
  CNZZDATA1271155277: '686131563-1517478471-http%3A%2F%2Flocalhost%3A8090%2F|1519350845',
  Hm_lvt_2e89947294f393d804bbd2d085b2f8e2: '1517478473,1517646158',
  CNZZDATA1268100633: '2033263893-1516761110-|1519624293',
  aliyungf_tc: 'AQAAAJrfrXAvKwYAjQOttDWIn+s6ojtj' }
2018-02-27 19:44 +08:00: -----------------------------
2018-02-27 19:44 +08:00: -----------------------------
2018-02-27 19:44 +08:00: global  { UM_distinctid: '16126023e01e0-0ee7edf05da4dd-5b44271d-144000-16126023e08bb',
  CNZZDATA1271155277: '686131563-1517478471-http%3A%2F%2Flocalhost%3A8090%2F|1519350845',
  Hm_lvt_2e89947294f393d804bbd2d085b2f8e2: '1517478473,1517646158',
  CNZZDATA1268100633: '2033263893-1516761110-|1519624293',
  aliyungf_tc: 'AQAAAJrfrXAvKwYAjQOttDWIn+s6ojtj' }
2018-02-27 19:44 +08:00: -----------------------------
2018-02-27 19:44 +08:00: [HPM] Proxy created: /api  ->  https://news-at.zhihu.com
2018-02-27 19:44 +08:00: [HPM] Proxy rewrite rule created: "^/api" ~> "/api"
2018-02-27 19:44 +08:00: server started at http://localhost:3000
2018-02-27 19:45 +08:00: -----------------------------
2018-02-27 19:45 +08:00: global  { UM_distinctid: '16126023e01e0-0ee7edf05da4dd-5b44271d-144000-16126023e08bb',
  CNZZDATA1271155277: '686131563-1517478471-http%3A%2F%2Flocalhost%3A8090%2F|1519350845',
  Hm_lvt_2e89947294f393d804bbd2d085b2f8e2: '1517478473,1517646158',
  CNZZDATA1268100633: '2033263893-1516761110-|1519624293',
  aliyungf_tc: 'AQAAAJrfrXAvKwYAjQOttDWIn+s6ojtj' }
2018-02-27 19:45 +08:00: -----------------------------
2018-02-27 19:45 +08:00: [HPM] Proxy created: /api  ->  https://news-at.zhihu.com
2018-02-27 19:45 +08:00: [HPM] Proxy rewrite rule created: "^/api" ~> "/api"
2018-02-27 19:45 +08:00: server started at http://localhost:3000
2018-02-27 19:45 +08:00: -----------------------------
2018-02-27 19:45 +08:00: global  { UM_distinctid: '16126023e01e0-0ee7edf05da4dd-5b44271d-144000-16126023e08bb',
  CNZZDATA1271155277: '686131563-1517478471-http%3A%2F%2Flocalhost%3A8090%2F|1519350845',
  Hm_lvt_2e89947294f393d804bbd2d085b2f8e2: '1517478473,1517646158',
  CNZZDATA1268100633: '2033263893-1516761110-|1519624293',
  aliyungf_tc: 'AQAAAJrfrXAvKwYAjQOttDWIn+s6ojtj' }
2018-02-27 19:45 +08:00: -----------------------------
2018-02-27 19:45 +08:00: -----------------------------
2018-02-27 19:45 +08:00: global  { UM_distinctid: '16126023e01e0-0ee7edf05da4dd-5b44271d-144000-16126023e08bb',
  CNZZDATA1271155277: '686131563-1517478471-http%3A%2F%2Flocalhost%3A8090%2F|1519350845',
  Hm_lvt_2e89947294f393d804bbd2d085b2f8e2: '1517478473,1517646158',
  CNZZDATA1268100633: '2033263893-1516761110-|1519624293',
  aliyungf_tc: 'AQAAAJrfrXAvKwYAjQOttDWIn+s6ojtj' }
2018-02-27 19:45 +08:00: -----------------------------
2018-02-27 19:45 +08:00: [HPM] Proxy created: /api  ->  https://news-at.zhihu.com
2018-02-27 19:45 +08:00: [HPM] Proxy rewrite rule created: "^/api" ~> "/api"
2018-02-27 19:45 +08:00: server started at http://localhost:3000
2018-02-27 19:46 +08:00: -----------------------------
2018-02-27 19:46 +08:00: global  { UM_distinctid: '16126023e01e0-0ee7edf05da4dd-5b44271d-144000-16126023e08bb',
  CNZZDATA1271155277: '686131563-1517478471-http%3A%2F%2Flocalhost%3A8090%2F|1519350845',
  Hm_lvt_2e89947294f393d804bbd2d085b2f8e2: '1517478473,1517646158',
  CNZZDATA1268100633: '2033263893-1516761110-|1519624293',
  aliyungf_tc: 'AQAAAJrfrXAvKwYAjQOttDWIn+s6ojtj' }
2018-02-27 19:46 +08:00: -----------------------------
2018-02-27 19:46 +08:00: [HPM] Proxy created: /api  ->  https://news-at.zhihu.com
2018-02-27 19:46 +08:00: [HPM] Proxy rewrite rule created: "^/api" ~> "/api"
2018-02-27 19:46 +08:00: server started at http://localhost:3000
2018-02-27 19:46 +08:00: -----------------------------
2018-02-27 19:46 +08:00: global  { UM_distinctid: '16126023e01e0-0ee7edf05da4dd-5b44271d-144000-16126023e08bb',
  CNZZDATA1271155277: '686131563-1517478471-http%3A%2F%2Flocalhost%3A8090%2F|1519350845',
  Hm_lvt_2e89947294f393d804bbd2d085b2f8e2: '1517478473,1517646158',
  CNZZDATA1268100633: '2033263893-1516761110-|1519624293',
  aliyungf_tc: 'AQAAAJrfrXAvKwYAjQOttDWIn+s6ojtj' }
2018-02-27 19:46 +08:00: -----------------------------
2018-02-27 19:46 +08:00: -----------------------------
2018-02-27 19:46 +08:00: global  { UM_distinctid: '16126023e01e0-0ee7edf05da4dd-5b44271d-144000-16126023e08bb',
  CNZZDATA1271155277: '686131563-1517478471-http%3A%2F%2Flocalhost%3A8090%2F|1519350845',
  Hm_lvt_2e89947294f393d804bbd2d085b2f8e2: '1517478473,1517646158',
  CNZZDATA1268100633: '2033263893-1516761110-|1519624293',
  aliyungf_tc: 'AQAAAJrfrXAvKwYAjQOttDWIn+s6ojtj' }
2018-02-27 19:46 +08:00: -----------------------------
2018-02-27 19:46 +08:00: [HPM] Proxy created: /api  ->  https://news-at.zhihu.com
2018-02-27 19:46 +08:00: [HPM] Proxy rewrite rule created: "^/api" ~> "/api"
2018-02-27 19:46 +08:00: server started at http://localhost:3000
